[0.009s] Invoking command in '/home/hax/world/build/world': CMAKE_PREFIX_PATH=/opt/ros/humble /usr/bin/cmake /home/hax/world -DCMAKE_INSTALL_PREFIX=/home/hax/world/install/world
[0.017s] -- Found ament_cmake: 1.3.12 (/opt/ros/humble/share/ament_cmake/cmake)
[0.124s] -- Found Python3: /usr/bin/python3 (found version "3.10.12") found components: Interpreter 
[0.210s] -- Found rclcpp: 16.0.17 (/opt/ros/humble/share/rclcpp/cmake)
[0.470s] -- Found rosidl_generator_c: 3.1.8 (/opt/ros/humble/share/rosidl_generator_c/cmake)
[0.474s] -- Found rosidl_adapter: 3.1.8 (/opt/ros/humble/share/rosidl_adapter/cmake)
[0.484s] -- Found rosidl_generator_cpp: 3.1.8 (/opt/ros/humble/share/rosidl_generator_cpp/cmake)
[0.497s] -- Using all available rosidl_typesupport_c: rosidl_typesupport_fastrtps_c;rosidl_typesupport_introspection_c
[0.513s] -- Using all available rosidl_typesupport_cpp: rosidl_typesupport_fastrtps_cpp;rosidl_typesupport_introspection_cpp
[0.559s] -- Found rmw_implementation_cmake: 6.1.2 (/opt/ros/humble/share/rmw_implementation_cmake/cmake)
[0.562s] -- Found rmw_fastrtps_cpp: 6.2.9 (/opt/ros/humble/share/rmw_fastrtps_cpp/cmake)
[2.771s] -- Found OpenSSL: /usr/lib/x86_64-linux-gnu/libcrypto.so (found version "3.0.2")  
[5.136s] -- Found FastRTPS: /opt/ros/humble/include  
[9.687s] -- Using RMW implementation 'rmw_fastrtps_cpp' as default
[9.716s] -- Looking for pthread.h
[9.927s] -- Looking for pthread.h - found
[9.927s] -- Performing Test CMAKE_HAVE_LIBC_PTHREAD
[10.072s] -- Performing Test CMAKE_HAVE_LIBC_PTHREAD - Success
[10.073s] -- Found Threads: TRUE  
[10.127s] -- Found geometry_msgs: 4.9.0 (/opt/ros/humble/share/geometry_msgs/cmake)
[10.142s] -- Found nav_msgs: 4.9.0 (/opt/ros/humble/share/nav_msgs/cmake)
[10.161s] -- Found sensor_msgs: 4.9.0 (/opt/ros/humble/share/sensor_msgs/cmake)
[10.178s] -- Found tf2: 0.25.18 (/opt/ros/humble/share/tf2/cmake)
[10.188s] -- Found tf2_ros: 0.25.18 (/opt/ros/humble/share/tf2_ros/cmake)
[10.353s] -- Configuring done
[10.369s] -- Generating done
[10.375s] -- Build files have been written to: /home/hax/world/build/world
[10.382s] Invoked command in '/home/hax/world/build/world' returned '0': CMAKE_PREFIX_PATH=/opt/ros/humble /usr/bin/cmake /home/hax/world -DCMAKE_INSTALL_PREFIX=/home/hax/world/install/world
[10.384s] Invoking command in '/home/hax/world/build/world': CMAKE_PREFIX_PATH=/opt/ros/humble /usr/bin/cmake --build /home/hax/world/build/world -- -j16 -l16
[10.411s] [ 50%] [32mBuilding CXX object CMakeFiles/odom_publisher.dir/src/odom_publisher.cpp.o[0m
[10.411s] [ 50%] [32mBuilding CXX object CMakeFiles/keyboard_teleop.dir/src/keyboard_teleop.cpp.o[0m
[10.411s] [ 50%] [32mBuilding CXX object CMakeFiles/imu_publisher.dir/src/imu_publisher.cpp.o[0m
[12.282s] [01m[K/home/hax/world/src/keyboard_teleop.cpp:[m[K In member function â€˜[01m[Kvoid TeleopKeyboard::run()[m[Kâ€™:
[12.282s] [01m[K/home/hax/world/src/keyboard_teleop.cpp:170:21:[m[K [01;31m[Kerror: [m[Kâ€˜[01m[KLCPP_INFO[m[Kâ€™ was not declared in this scope; did you mean â€˜[01m[KRCLCPP_INFO[m[Kâ€™?
[12.282s]   170 |                     [01;31m[KLCPP_INFO[m[K(this->get_logger(),
[12.282s]       |                     [01;31m[K^~~~~~~~~[m[K
[12.282s]       |                     [32m[KRCLCPP_INFO[m[K
[12.283s] In file included from [01m[K/opt/ros/humble/include/rclcpp/rclcpp/logging.hpp:24[m[K,
[12.284s]                  from [01m[K/opt/ros/humble/include/rclcpp/rclcpp/client.hpp:40[m[K,
[12.284s]                  from [01m[K/opt/ros/humble/include/rclcpp/rclcpp/callback_group.hpp:24[m[K,
[12.284s]                  from [01m[K/opt/ros/humble/include/rclcpp/rclcpp/any_executable.hpp:20[m[K,
[12.284s]                  from [01m[K/opt/ros/humble/include/rclcpp/rclcpp/memory_strategy.hpp:25[m[K,
[12.284s]                  from [01m[K/opt/ros/humble/include/rclcpp/rclcpp/memory_strategies.hpp:18[m[K,
[12.284s]                  from [01m[K/opt/ros/humble/include/rclcpp/rclcpp/executor_options.hpp:20[m[K,
[12.284s]                  from [01m[K/opt/ros/humble/include/rclcpp/rclcpp/executor.hpp:37[m[K,
[12.284s]                  from [01m[K/opt/ros/humble/include/rclcpp/rclcpp/executors/multi_threaded_executor.hpp:25[m[K,
[12.284s]                  from [01m[K/opt/ros/humble/include/rclcpp/rclcpp/executors.hpp:21[m[K,
[12.284s]                  from [01m[K/opt/ros/humble/include/rclcpp/rclcpp/rclcpp.hpp:155[m[K,
[12.284s]                  from [01m[K/home/hax/world/src/keyboard_teleop.cpp:1[m[K:
[12.284s] [01m[K/home/hax/world/src/keyboard_teleop.cpp:[m[K In member function â€˜[01m[Kvoid TeleopKeyboard::print_usage()[m[Kâ€™:
[12.284s] [01m[K/home/hax/world/src/keyboard_teleop.cpp:187:41:[m[K [01;35m[Kwarning: [m[Kzero-length gnu_printf format string [[01;35m[K]8;;https://gcc.gnu.org/onlinedocs/gcc/Warning-Options.html#index-Wformat-zero-length-Wformat-zero-length]8;;[m[K]
[12.284s]   187 |         RCLCPP_INFO(this->get_logger(), [01;35m[K""[m[K);
[12.284s]       |                                         [01;35m[K^~[m[K
[12.285s] [01m[K/home/hax/world/src/keyboard_teleop.cpp:203:41:[m[K [01;35m[Kwarning: [m[Kzero-length gnu_printf format string [[01;35m[K]8;;https://gcc.gnu.org/onlinedocs/gcc/Warning-Options.html#index-Wformat-zero-length-Wformat-zero-length]8;;[m[K]
[12.285s]   203 |         RCLCPP_INFO(this->get_logger(), [01;35m[K""[m[K);
[12.285s]       |                                         [01;35m[K^~[m[K
[12.897s] gmake[2]: *** [CMakeFiles/keyboard_teleop.dir/build.make:76: CMakeFiles/keyboard_teleop.dir/src/keyboard_teleop.cpp.o] Error 1
[12.898s] gmake[1]: *** [CMakeFiles/Makefile2:193: CMakeFiles/keyboard_teleop.dir/all] Error 2
[12.898s] gmake[1]: *** Waiting for unfinished jobs....
[13.703s] [ 66%] [32m[1mLinking CXX executable imu_publisher[0m
[14.030s] [ 66%] Built target imu_publisher
[16.611s] [ 83%] [32m[1mLinking CXX executable odom_publisher[0m
[17.046s] [ 83%] Built target odom_publisher
[17.047s] gmake: *** [Makefile:146: all] Error 2
[17.048s] Invoked command in '/home/hax/world/build/world' returned '2': CMAKE_PREFIX_PATH=/opt/ros/humble /usr/bin/cmake --build /home/hax/world/build/world -- -j16 -l16
